<?xml version="1.0" encoding="UTF-8"?>
<!-- Generated by org.testng.reporters.JUnitReportReporter -->
<testsuite hostname="MD-5Q0H9F2" failures="0" tests="3" name="com.counter.qa.testcases.HamburgerTest" time="43.096" errors="0" timestamp="2021-07-12T01:30:55 IST" skipped="0">
  <testcase classname="com.counter.qa.testcases.HamburgerTest" name="verifyClickOnCrossButton" time="15.066"/>
  <system-out/>
  <testcase classname="com.counter.qa.testcases.HamburgerTest" name="verifyClickOnAnyActivity" time="13.341"/>
  <system-out/>
  <testcase classname="com.counter.qa.testcases.HamburgerTest" name="verifyClickOnHamburgerIcon" time="14.689"/>
  <system-out/>
</testsuite> <!-- com.counter.qa.testcases.HamburgerTest -->
