<?xml version="1.0" encoding="UTF-8"?>
<!-- Generated by org.testng.reporters.JUnitReportReporter -->
<testsuite hostname="MD-5Q0H9F2" failures="0" tests="1" name="Browserr.ScreenshotFirstTest" time="23.069" errors="0" timestamp="2021-07-25T15:54:10 IST" skipped="0">
  <testcase classname="Browserr.ScreenshotFirstTest" name="signup" time="23.069"/>
  <system-out/>
</testsuite> <!-- Browserr.ScreenshotFirstTest -->
