<?xml version="1.0" encoding="UTF-8"?>
<!-- Generated by org.testng.reporters.JUnitReportReporter -->
<testsuite hostname="MD-5Q0H9F2" failures="0" tests="2" name="com.crm.qa.testcases.LoginPageTest" time="30.365" errors="0" timestamp="2021-07-22T00:22:07 IST" skipped="0">
  <testcase classname="com.crm.qa.testcases.LoginPageTest" name="loginPageTitleTest" time="15.988"/>
  <system-out/>
  <testcase classname="com.crm.qa.testcases.LoginPageTest" name="loginTest" time="14.377"/>
  <system-out/>
</testsuite> <!-- com.crm.qa.testcases.LoginPageTest -->
