<?xml version="1.0" encoding="UTF-8"?>
<!-- Generated by org.testng.reporters.JUnitReportReporter -->
<testsuite hostname="MD-5Q0H9F2" failures="0" tests="3" name="com.crm.qa.testcases.HomePageTest" time="38.786" errors="0" timestamp="2021-07-22T00:22:07 IST" skipped="0">
  <testcase classname="com.crm.qa.testcases.HomePageTest" name="verifyHomepagetitletest" time="10.142"/>
  <system-out/>
  <testcase classname="com.crm.qa.testcases.HomePageTest" name="verifyusernametest" time="13.898"/>
  <system-out/>
  <testcase classname="com.crm.qa.testcases.HomePageTest" name="verifyContactsTest" time="14.746"/>
  <system-out/>
</testsuite> <!-- com.crm.qa.testcases.HomePageTest -->
