<?xml version="1.0" encoding="UTF-8"?>
<!-- Generated by org.testng.reporters.JUnitReportReporter -->
<testsuite hostname="MD-5Q0H9F2" failures="0" tests="1" name="TestHello" time="0.009" errors="0" timestamp="2021-07-01T18:51:03 IST" skipped="0">
  <testcase classname="TestHello" name="helloworld" time="0.009"/>
  <system-out/>
</testsuite> <!-- TestHello -->
