<?xml version="1.0" encoding="UTF-8"?>
<!-- Generated by org.testng.reporters.JUnitReportReporter -->
<testsuite hostname="MD-5Q0H9F2" failures="0" tests="3" name="Tests.AboutUsTest" time="8.273" errors="0" timestamp="2021-08-09T23:59:15 IST" skipped="0">
  <testcase classname="Tests.AboutUsTest" name="test1" time="6.137"/>
  <system-out/>
  <testcase classname="Tests.AboutUsTest" name="test2" time="2.034"/>
  <system-out/>
  <testcase classname="Tests.AboutUsTest" name="test3" time="0.102"/>
  <system-out/>
</testsuite> <!-- Tests.AboutUsTest -->
