<?xml version="1.0" encoding="UTF-8"?>
<!-- Generated by org.testng.reporters.JUnitReportReporter -->
<testsuite hostname="MD-5Q0H9F2" failures="0" tests="2" name="Tests.HomePageTest" time="1.184" errors="0" timestamp="2021-08-09T23:39:15 IST" skipped="0">
  <testcase classname="Tests.HomePageTest" name="contactFooterTest" time="1.117"/>
  <system-out/>
  <testcase classname="Tests.HomePageTest" name="headerTest" time="0.067"/>
  <system-out/>
</testsuite> <!-- Tests.HomePageTest -->
